2025-03-17 07:48:34.881 INFO  http server listening on 0.0.0.0:8080 [HttpServer.cpp:178:http_server_run]
2025-03-17 07:48:34.881 INFO  EventLoop started, pid=18311 tid=18311 [HttpServer.cpp:151:loop_thread]
2025-03-17 07:48:34.881 INFO  EventLoop started, pid=18311 tid=18313 [HttpServer.cpp:151:loop_thread]
2025-03-17 07:48:34.881 INFO  EventLoop started, pid=18311 tid=18314 [HttpServer.cpp:151:loop_thread]
2025-03-17 07:48:34.881 INFO  EventLoop started, pid=18311 tid=18312 [HttpServer.cpp:151:loop_thread]
2025-03-17 07:48:38.075 INFO  [18311-18314][127.0.0.1:44272][GET /]=>[404 Not Found] [HttpHandler.cpp:326:onMessageComplete]
2025-03-17 07:48:38.307 INFO  [18311-18314][127.0.0.1:44282][GET /favicon.ico]=>[404 Not Found] [HttpHandler.cpp:326:onMessageComplete]
2025-03-17 07:48:52.509 INFO  http server listening on 0.0.0.0:8080 [HttpServer.cpp:178:http_server_run]
2025-03-17 07:48:52.510 INFO  EventLoop started, pid=18446 tid=18447 [HttpServer.cpp:151:loop_thread]
2025-03-17 07:48:52.510 INFO  EventLoop started, pid=18446 tid=18446 [HttpServer.cpp:151:loop_thread]
2025-03-17 07:48:52.510 INFO  EventLoop started, pid=18446 tid=18448 [HttpServer.cpp:151:loop_thread]
2025-03-17 07:48:52.510 INFO  EventLoop started, pid=18446 tid=18449 [HttpServer.cpp:151:loop_thread]
2025-03-17 07:48:55.744 INFO  [18446-18448][127.0.0.1:52446][GET /]=>[404 Not Found] [HttpHandler.cpp:326:onMessageComplete]
2025-03-17 07:49:04.877 INFO  [18446-18449][127.0.0.1:54890][GET /get]=>[200 OK] [HttpHandler.cpp:326:onMessageComplete]
2025-03-17 07:49:22.763 INFO  [18446-18449][127.0.0.1:52104][GET /data]=>[200 OK] [HttpHandler.cpp:326:onMessageComplete]
2025-03-17 07:49:25.396 INFO  [18446-18449][127.0.0.1:52108][GET /data]=>[200 OK] [HttpHandler.cpp:326:onMessageComplete]
2025-03-17 07:49:45.524 INFO  http server listening on 0.0.0.0:48080 [HttpServer.cpp:178:http_server_run]
2025-03-17 07:49:45.525 INFO  EventLoop started, pid=18825 tid=18825 [HttpServer.cpp:151:loop_thread]
2025-03-17 07:49:45.525 INFO  EventLoop started, pid=18825 tid=18826 [HttpServer.cpp:151:loop_thread]
2025-03-17 07:49:45.525 INFO  EventLoop started, pid=18825 tid=18827 [HttpServer.cpp:151:loop_thread]
2025-03-17 07:49:45.525 INFO  EventLoop started, pid=18825 tid=18828 [HttpServer.cpp:151:loop_thread]
2025-03-17 07:49:55.867 INFO  [18825-18827][127.0.0.1:47080][GET /data]=>[200 OK] [HttpHandler.cpp:326:onMessageComplete]
2025-03-17 07:50:07.271 INFO  http server listening on 0.0.0.0:48080 [HttpServer.cpp:178:http_server_run]
2025-03-17 07:50:07.272 INFO  EventLoop started, pid=18975 tid=18975 [HttpServer.cpp:151:loop_thread]
2025-03-17 07:50:07.272 INFO  EventLoop started, pid=18975 tid=18978 [HttpServer.cpp:151:loop_thread]
2025-03-17 07:50:07.272 INFO  EventLoop started, pid=18975 tid=18976 [HttpServer.cpp:151:loop_thread]
2025-03-17 07:50:07.272 INFO  EventLoop started, pid=18975 tid=18977 [HttpServer.cpp:151:loop_thread]
2025-03-17 07:50:44.338 INFO  http server listening on 0.0.0.0:48080 [HttpServer.cpp:178:http_server_run]
2025-03-17 07:50:44.339 INFO  EventLoop started, pid=19276 tid=19277 [HttpServer.cpp:151:loop_thread]
2025-03-17 07:50:44.339 INFO  EventLoop started, pid=19276 tid=19278 [HttpServer.cpp:151:loop_thread]
2025-03-17 07:50:44.339 INFO  EventLoop started, pid=19276 tid=19279 [HttpServer.cpp:151:loop_thread]
2025-03-17 07:50:44.339 INFO  EventLoop started, pid=19276 tid=19282 [HttpServer.cpp:151:loop_thread]
2025-03-17 07:50:44.339 INFO  EventLoop started, pid=19276 tid=19280 [HttpServer.cpp:151:loop_thread]
2025-03-17 07:50:44.339 INFO  EventLoop started, pid=19276 tid=19281 [HttpServer.cpp:151:loop_thread]
2025-03-17 07:50:44.339 INFO  EventLoop started, pid=19276 tid=19284 [HttpServer.cpp:151:loop_thread]
2025-03-17 07:50:44.339 INFO  EventLoop started, pid=19276 tid=19283 [HttpServer.cpp:151:loop_thread]
2025-03-17 07:50:44.339 INFO  EventLoop started, pid=19276 tid=19287 [HttpServer.cpp:151:loop_thread]
2025-03-17 07:50:44.339 INFO  EventLoop started, pid=19276 tid=19285 [HttpServer.cpp:151:loop_thread]
2025-03-17 07:50:44.339 INFO  EventLoop started, pid=19276 tid=19286 [HttpServer.cpp:151:loop_thread]
2025-03-17 07:50:44.339 INFO  EventLoop started, pid=19276 tid=19288 [HttpServer.cpp:151:loop_thread]
2025-03-17 07:50:44.339 INFO  EventLoop started, pid=19276 tid=19289 [HttpServer.cpp:151:loop_thread]
2025-03-17 07:50:44.339 INFO  EventLoop started, pid=19276 tid=19290 [HttpServer.cpp:151:loop_thread]
2025-03-17 07:50:44.339 INFO  EventLoop started, pid=19276 tid=19292 [HttpServer.cpp:151:loop_thread]
2025-03-17 07:50:44.339 INFO  EventLoop started, pid=19276 tid=19291 [HttpServer.cpp:151:loop_thread]
2025-03-17 07:50:44.339 INFO  EventLoop started, pid=19276 tid=19293 [HttpServer.cpp:151:loop_thread]
2025-03-17 07:50:44.339 INFO  EventLoop started, pid=19276 tid=19294 [HttpServer.cpp:151:loop_thread]
2025-03-17 07:50:44.339 INFO  EventLoop started, pid=19276 tid=19295 [HttpServer.cpp:151:loop_thread]
2025-03-17 07:50:44.339 INFO  EventLoop started, pid=19276 tid=19296 [HttpServer.cpp:151:loop_thread]
2025-03-17 07:50:44.339 INFO  EventLoop started, pid=19276 tid=19297 [HttpServer.cpp:151:loop_thread]
2025-03-17 07:50:44.339 INFO  EventLoop started, pid=19276 tid=19298 [HttpServer.cpp:151:loop_thread]
2025-03-17 07:50:44.339 INFO  EventLoop started, pid=19276 tid=19299 [HttpServer.cpp:151:loop_thread]
2025-03-17 07:50:44.340 INFO  EventLoop started, pid=19276 tid=19300 [HttpServer.cpp:151:loop_thread]
2025-03-17 07:50:44.340 INFO  EventLoop started, pid=19276 tid=19301 [HttpServer.cpp:151:loop_thread]
2025-03-17 07:50:44.356 INFO  EventLoop started, pid=19276 tid=19303 [HttpServer.cpp:151:loop_thread]
2025-03-17 07:50:44.356 INFO  EventLoop started, pid=19276 tid=19331 [HttpServer.cpp:151:loop_thread]
2025-03-17 07:50:44.356 INFO  EventLoop started, pid=19276 tid=19330 [HttpServer.cpp:151:loop_thread]
2025-03-17 07:50:44.356 INFO  EventLoop started, pid=19276 tid=19339 [HttpServer.cpp:151:loop_thread]
2025-03-17 07:50:44.356 INFO  EventLoop started, pid=19276 tid=19317 [HttpServer.cpp:151:loop_thread]
2025-03-17 07:50:44.356 INFO  EventLoop started, pid=19276 tid=19322 [HttpServer.cpp:151:loop_thread]
2025-03-17 07:50:44.356 INFO  EventLoop started, pid=19276 tid=19316 [HttpServer.cpp:151:loop_thread]
2025-03-17 07:50:44.356 INFO  EventLoop started, pid=19276 tid=19310 [HttpServer.cpp:151:loop_thread]
2025-03-17 07:50:44.356 INFO  EventLoop started, pid=19276 tid=19328 [HttpServer.cpp:151:loop_thread]
2025-03-17 07:50:44.356 INFO  EventLoop started, pid=19276 tid=19319 [HttpServer.cpp:151:loop_thread]
2025-03-17 07:50:44.356 INFO  EventLoop started, pid=19276 tid=19313 [HttpServer.cpp:151:loop_thread]
2025-03-17 07:50:44.356 INFO  EventLoop started, pid=19276 tid=19325 [HttpServer.cpp:151:loop_thread]
2025-03-17 07:50:44.356 INFO  EventLoop started, pid=19276 tid=19329 [HttpServer.cpp:151:loop_thread]
2025-03-17 07:50:44.356 INFO  EventLoop started, pid=19276 tid=19327 [HttpServer.cpp:151:loop_thread]
2025-03-17 07:50:44.356 INFO  EventLoop started, pid=19276 tid=19326 [HttpServer.cpp:151:loop_thread]
2025-03-17 07:50:44.356 INFO  EventLoop started, pid=19276 tid=19315 [HttpServer.cpp:151:loop_thread]
2025-03-17 07:50:44.356 INFO  EventLoop started, pid=19276 tid=19321 [HttpServer.cpp:151:loop_thread]
2025-03-17 07:50:44.356 INFO  EventLoop started, pid=19276 tid=19320 [HttpServer.cpp:151:loop_thread]
2025-03-17 07:50:44.356 INFO  EventLoop started, pid=19276 tid=19308 [HttpServer.cpp:151:loop_thread]
2025-03-17 07:50:44.356 INFO  EventLoop started, pid=19276 tid=19336 [HttpServer.cpp:151:loop_thread]
2025-03-17 07:50:44.356 INFO  EventLoop started, pid=19276 tid=19333 [HttpServer.cpp:151:loop_thread]
2025-03-17 07:50:44.356 INFO  EventLoop started, pid=19276 tid=19304 [HttpServer.cpp:151:loop_thread]
2025-03-17 07:50:44.356 INFO  EventLoop started, pid=19276 tid=19276 [HttpServer.cpp:151:loop_thread]
2025-03-17 07:50:44.356 INFO  EventLoop started, pid=19276 tid=19306 [HttpServer.cpp:151:loop_thread]
2025-03-17 07:50:44.356 INFO  EventLoop started, pid=19276 tid=19305 [HttpServer.cpp:151:loop_thread]
2025-03-17 07:50:44.356 INFO  EventLoop started, pid=19276 tid=19307 [HttpServer.cpp:151:loop_thread]
2025-03-17 07:50:44.356 INFO  EventLoop started, pid=19276 tid=19302 [HttpServer.cpp:151:loop_thread]
2025-03-17 07:50:44.356 INFO  EventLoop started, pid=19276 tid=19318 [HttpServer.cpp:151:loop_thread]
2025-03-17 07:50:44.356 INFO  EventLoop started, pid=19276 tid=19338 [HttpServer.cpp:151:loop_thread]
2025-03-17 07:50:44.356 INFO  EventLoop started, pid=19276 tid=19312 [HttpServer.cpp:151:loop_thread]
2025-03-17 07:50:44.356 INFO  EventLoop started, pid=19276 tid=19337 [HttpServer.cpp:151:loop_thread]
2025-03-17 07:50:44.356 INFO  EventLoop started, pid=19276 tid=19311 [HttpServer.cpp:151:loop_thread]
2025-03-17 07:50:44.356 INFO  EventLoop started, pid=19276 tid=19334 [HttpServer.cpp:151:loop_thread]
2025-03-17 07:50:44.356 INFO  EventLoop started, pid=19276 tid=19314 [HttpServer.cpp:151:loop_thread]
2025-03-17 07:50:44.356 INFO  EventLoop started, pid=19276 tid=19335 [HttpServer.cpp:151:loop_thread]
2025-03-17 07:50:44.356 INFO  EventLoop started, pid=19276 tid=19332 [HttpServer.cpp:151:loop_thread]
2025-03-17 07:50:44.356 INFO  EventLoop started, pid=19276 tid=19309 [HttpServer.cpp:151:loop_thread]
2025-03-17 07:50:44.356 INFO  EventLoop started, pid=19276 tid=19323 [HttpServer.cpp:151:loop_thread]
2025-03-17 07:50:44.356 INFO  EventLoop started, pid=19276 tid=19324 [HttpServer.cpp:151:loop_thread]
2025-03-17 07:51:33.701 INFO  http server listening on 0.0.0.0:48080 [HttpServer.cpp:178:http_server_run]
2025-03-17 07:51:33.701 INFO  EventLoop started, pid=19744 tid=19746 [HttpServer.cpp:151:loop_thread]
2025-03-17 07:51:33.701 INFO  EventLoop started, pid=19744 tid=19745 [HttpServer.cpp:151:loop_thread]
2025-03-17 07:51:33.702 INFO  EventLoop started, pid=19744 tid=19747 [HttpServer.cpp:151:loop_thread]
2025-03-17 07:51:33.702 INFO  EventLoop started, pid=19744 tid=19749 [HttpServer.cpp:151:loop_thread]
2025-03-17 07:51:33.702 INFO  EventLoop started, pid=19744 tid=19751 [HttpServer.cpp:151:loop_thread]
2025-03-17 07:51:33.702 INFO  EventLoop started, pid=19744 tid=19748 [HttpServer.cpp:151:loop_thread]
2025-03-17 07:51:33.702 INFO  EventLoop started, pid=19744 tid=19750 [HttpServer.cpp:151:loop_thread]
2025-03-17 07:51:33.702 INFO  EventLoop started, pid=19744 tid=19753 [HttpServer.cpp:151:loop_thread]
2025-03-17 07:51:33.702 INFO  EventLoop started, pid=19744 tid=19752 [HttpServer.cpp:151:loop_thread]
2025-03-17 07:51:33.702 INFO  EventLoop started, pid=19744 tid=19754 [HttpServer.cpp:151:loop_thread]
2025-03-17 07:51:33.702 INFO  EventLoop started, pid=19744 tid=19755 [HttpServer.cpp:151:loop_thread]
2025-03-17 07:51:33.702 INFO  EventLoop started, pid=19744 tid=19756 [HttpServer.cpp:151:loop_thread]
2025-03-17 07:51:33.702 INFO  EventLoop started, pid=19744 tid=19757 [HttpServer.cpp:151:loop_thread]
2025-03-17 07:51:33.702 INFO  EventLoop started, pid=19744 tid=19758 [HttpServer.cpp:151:loop_thread]
2025-03-17 07:51:33.702 INFO  EventLoop started, pid=19744 tid=19759 [HttpServer.cpp:151:loop_thread]
2025-03-17 07:51:33.702 INFO  EventLoop started, pid=19744 tid=19760 [HttpServer.cpp:151:loop_thread]
2025-03-17 07:51:33.702 INFO  EventLoop started, pid=19744 tid=19761 [HttpServer.cpp:151:loop_thread]
2025-03-17 07:51:33.702 INFO  EventLoop started, pid=19744 tid=19763 [HttpServer.cpp:151:loop_thread]
2025-03-17 07:51:33.702 INFO  EventLoop started, pid=19744 tid=19762 [HttpServer.cpp:151:loop_thread]
2025-03-17 07:51:33.702 INFO  EventLoop started, pid=19744 tid=19764 [HttpServer.cpp:151:loop_thread]
2025-03-17 07:51:33.702 INFO  EventLoop started, pid=19744 tid=19766 [HttpServer.cpp:151:loop_thread]
2025-03-17 07:51:33.702 INFO  EventLoop started, pid=19744 tid=19765 [HttpServer.cpp:151:loop_thread]
2025-03-17 07:51:33.703 INFO  EventLoop started, pid=19744 tid=19767 [HttpServer.cpp:151:loop_thread]
2025-03-17 07:51:33.703 INFO  EventLoop started, pid=19744 tid=19769 [HttpServer.cpp:151:loop_thread]
2025-03-17 07:51:33.703 INFO  EventLoop started, pid=19744 tid=19768 [HttpServer.cpp:151:loop_thread]
2025-03-17 07:51:33.703 INFO  EventLoop started, pid=19744 tid=19770 [HttpServer.cpp:151:loop_thread]
2025-03-17 07:51:33.716 INFO  EventLoop started, pid=19744 tid=19744 [HttpServer.cpp:151:loop_thread]
2025-03-17 07:51:33.716 INFO  EventLoop started, pid=19744 tid=19799 [HttpServer.cpp:151:loop_thread]
2025-03-17 07:51:33.716 INFO  EventLoop started, pid=19744 tid=19782 [HttpServer.cpp:151:loop_thread]
2025-03-17 07:51:33.716 INFO  EventLoop started, pid=19744 tid=19781 [HttpServer.cpp:151:loop_thread]
2025-03-17 07:51:33.716 INFO  EventLoop started, pid=19744 tid=19778 [HttpServer.cpp:151:loop_thread]
2025-03-17 07:51:33.716 INFO  EventLoop started, pid=19744 tid=19776 [HttpServer.cpp:151:loop_thread]
2025-03-17 07:51:33.716 INFO  EventLoop started, pid=19744 tid=19789 [HttpServer.cpp:151:loop_thread]
2025-03-17 07:51:33.716 INFO  EventLoop started, pid=19744 tid=19775 [HttpServer.cpp:151:loop_thread]
2025-03-17 07:51:33.716 INFO  EventLoop started, pid=19744 tid=19800 [HttpServer.cpp:151:loop_thread]
2025-03-17 07:51:33.716 INFO  EventLoop started, pid=19744 tid=19797 [HttpServer.cpp:151:loop_thread]
2025-03-17 07:51:33.716 INFO  EventLoop started, pid=19744 tid=19796 [HttpServer.cpp:151:loop_thread]
2025-03-17 07:51:33.716 INFO  EventLoop started, pid=19744 tid=19803 [HttpServer.cpp:151:loop_thread]
2025-03-17 07:51:33.716 INFO  EventLoop started, pid=19744 tid=19798 [HttpServer.cpp:151:loop_thread]
2025-03-17 07:51:33.716 INFO  EventLoop started, pid=19744 tid=19793 [HttpServer.cpp:151:loop_thread]
2025-03-17 07:51:33.716 INFO  EventLoop started, pid=19744 tid=19787 [HttpServer.cpp:151:loop_thread]
2025-03-17 07:51:33.716 INFO  EventLoop started, pid=19744 tid=19791 [HttpServer.cpp:151:loop_thread]
2025-03-17 07:51:33.716 INFO  EventLoop started, pid=19744 tid=19774 [HttpServer.cpp:151:loop_thread]
2025-03-17 07:51:33.716 INFO  EventLoop started, pid=19744 tid=19785 [HttpServer.cpp:151:loop_thread]
2025-03-17 07:51:33.716 INFO  EventLoop started, pid=19744 tid=19792 [HttpServer.cpp:151:loop_thread]
2025-03-17 07:51:33.716 INFO  EventLoop started, pid=19744 tid=19805 [HttpServer.cpp:151:loop_thread]
2025-03-17 07:51:33.716 INFO  EventLoop started, pid=19744 tid=19779 [HttpServer.cpp:151:loop_thread]
2025-03-17 07:51:33.716 INFO  EventLoop started, pid=19744 tid=19806 [HttpServer.cpp:151:loop_thread]
2025-03-17 07:51:33.716 INFO  EventLoop started, pid=19744 tid=19802 [HttpServer.cpp:151:loop_thread]
2025-03-17 07:51:33.716 INFO  EventLoop started, pid=19744 tid=19784 [HttpServer.cpp:151:loop_thread]
2025-03-17 07:51:33.716 INFO  EventLoop started, pid=19744 tid=19788 [HttpServer.cpp:151:loop_thread]
2025-03-17 07:51:33.716 INFO  EventLoop started, pid=19744 tid=19795 [HttpServer.cpp:151:loop_thread]
2025-03-17 07:51:33.716 INFO  EventLoop started, pid=19744 tid=19783 [HttpServer.cpp:151:loop_thread]
2025-03-17 07:51:33.716 INFO  EventLoop started, pid=19744 tid=19790 [HttpServer.cpp:151:loop_thread]
2025-03-17 07:51:33.716 INFO  EventLoop started, pid=19744 tid=19801 [HttpServer.cpp:151:loop_thread]
2025-03-17 07:51:33.716 INFO  EventLoop started, pid=19744 tid=19804 [HttpServer.cpp:151:loop_thread]
2025-03-17 07:51:33.716 INFO  EventLoop started, pid=19744 tid=19780 [HttpServer.cpp:151:loop_thread]
2025-03-17 07:51:33.716 INFO  EventLoop started, pid=19744 tid=19786 [HttpServer.cpp:151:loop_thread]
2025-03-17 07:51:33.716 INFO  EventLoop started, pid=19744 tid=19794 [HttpServer.cpp:151:loop_thread]
2025-03-17 07:51:33.716 INFO  EventLoop started, pid=19744 tid=19777 [HttpServer.cpp:151:loop_thread]
2025-03-17 07:51:33.716 INFO  EventLoop started, pid=19744 tid=19773 [HttpServer.cpp:151:loop_thread]
2025-03-17 07:51:33.716 INFO  EventLoop started, pid=19744 tid=19807 [HttpServer.cpp:151:loop_thread]
2025-03-17 07:51:33.716 INFO  EventLoop started, pid=19744 tid=19772 [HttpServer.cpp:151:loop_thread]
2025-03-17 07:51:33.716 INFO  EventLoop started, pid=19744 tid=19771 [HttpServer.cpp:151:loop_thread]
2025-03-17 07:52:06.359 INFO  http server listening on 0.0.0.0:48080 [HttpServer.cpp:178:http_server_run]
2025-03-17 07:52:06.359 INFO  EventLoop started, pid=20424 tid=20426 [HttpServer.cpp:151:loop_thread]
2025-03-17 07:52:06.359 INFO  EventLoop started, pid=20424 tid=20427 [HttpServer.cpp:151:loop_thread]
2025-03-17 07:52:06.359 INFO  EventLoop started, pid=20424 tid=20428 [HttpServer.cpp:151:loop_thread]
2025-03-17 07:52:06.360 INFO  EventLoop started, pid=20424 tid=20431 [HttpServer.cpp:151:loop_thread]
2025-03-17 07:52:06.360 INFO  EventLoop started, pid=20424 tid=20430 [HttpServer.cpp:151:loop_thread]
2025-03-17 07:52:06.360 INFO  EventLoop started, pid=20424 tid=20429 [HttpServer.cpp:151:loop_thread]
2025-03-17 07:52:06.360 INFO  EventLoop started, pid=20424 tid=20433 [HttpServer.cpp:151:loop_thread]
2025-03-17 07:52:06.360 INFO  EventLoop started, pid=20424 tid=20434 [HttpServer.cpp:151:loop_thread]
2025-03-17 07:52:06.360 INFO  EventLoop started, pid=20424 tid=20435 [HttpServer.cpp:151:loop_thread]
2025-03-17 07:52:06.360 INFO  EventLoop started, pid=20424 tid=20437 [HttpServer.cpp:151:loop_thread]
2025-03-17 07:52:06.360 INFO  EventLoop started, pid=20424 tid=20438 [HttpServer.cpp:151:loop_thread]
2025-03-17 07:52:06.360 INFO  EventLoop started, pid=20424 tid=20436 [HttpServer.cpp:151:loop_thread]
2025-03-17 07:52:06.360 INFO  EventLoop started, pid=20424 tid=20440 [HttpServer.cpp:151:loop_thread]
2025-03-17 07:52:06.360 INFO  EventLoop started, pid=20424 tid=20439 [HttpServer.cpp:151:loop_thread]
2025-03-17 07:52:06.360 INFO  EventLoop started, pid=20424 tid=20441 [HttpServer.cpp:151:loop_thread]
2025-03-17 07:52:06.360 INFO  EventLoop started, pid=20424 tid=20442 [HttpServer.cpp:151:loop_thread]
2025-03-17 07:52:06.360 INFO  EventLoop started, pid=20424 tid=20445 [HttpServer.cpp:151:loop_thread]
2025-03-17 07:52:06.360 INFO  EventLoop started, pid=20424 tid=20443 [HttpServer.cpp:151:loop_thread]
2025-03-17 07:52:06.360 INFO  EventLoop started, pid=20424 tid=20444 [HttpServer.cpp:151:loop_thread]
2025-03-17 07:52:06.360 INFO  EventLoop started, pid=20424 tid=20446 [HttpServer.cpp:151:loop_thread]
2025-03-17 07:52:06.361 INFO  EventLoop started, pid=20424 tid=20447 [HttpServer.cpp:151:loop_thread]
2025-03-17 07:52:06.361 INFO  EventLoop started, pid=20424 tid=20450 [HttpServer.cpp:151:loop_thread]
2025-03-17 07:52:06.361 INFO  EventLoop started, pid=20424 tid=20449 [HttpServer.cpp:151:loop_thread]
2025-03-17 07:52:06.361 INFO  EventLoop started, pid=20424 tid=20448 [HttpServer.cpp:151:loop_thread]
2025-03-17 07:52:06.361 INFO  EventLoop started, pid=20424 tid=20453 [HttpServer.cpp:151:loop_thread]
2025-03-17 07:52:06.373 INFO  EventLoop started, pid=20424 tid=20468 [HttpServer.cpp:151:loop_thread]
2025-03-17 07:52:06.373 INFO  EventLoop started, pid=20424 tid=20466 [HttpServer.cpp:151:loop_thread]
2025-03-17 07:52:06.373 INFO  EventLoop started, pid=20424 tid=20480 [HttpServer.cpp:151:loop_thread]
2025-03-17 07:52:06.373 INFO  EventLoop started, pid=20424 tid=20477 [HttpServer.cpp:151:loop_thread]
2025-03-17 07:52:06.373 INFO  EventLoop started, pid=20424 tid=20472 [HttpServer.cpp:151:loop_thread]
2025-03-17 07:52:06.373 INFO  EventLoop started, pid=20424 tid=20424 [HttpServer.cpp:151:loop_thread]
2025-03-17 07:52:06.373 INFO  EventLoop started, pid=20424 tid=20488 [HttpServer.cpp:151:loop_thread]
2025-03-17 07:52:06.373 INFO  EventLoop started, pid=20424 tid=20478 [HttpServer.cpp:151:loop_thread]
2025-03-17 07:52:06.373 INFO  EventLoop started, pid=20424 tid=20483 [HttpServer.cpp:151:loop_thread]
2025-03-17 07:52:06.373 INFO  EventLoop started, pid=20424 tid=20481 [HttpServer.cpp:151:loop_thread]
2025-03-17 07:52:06.373 INFO  EventLoop started, pid=20424 tid=20479 [HttpServer.cpp:151:loop_thread]
2025-03-17 07:52:06.373 INFO  EventLoop started, pid=20424 tid=20457 [HttpServer.cpp:151:loop_thread]
2025-03-17 07:52:06.373 INFO  EventLoop started, pid=20424 tid=20473 [HttpServer.cpp:151:loop_thread]
2025-03-17 07:52:06.373 INFO  EventLoop started, pid=20424 tid=20475 [HttpServer.cpp:151:loop_thread]
2025-03-17 07:52:06.373 INFO  EventLoop started, pid=20424 tid=20454 [HttpServer.cpp:151:loop_thread]
2025-03-17 07:52:06.373 INFO  EventLoop started, pid=20424 tid=20469 [HttpServer.cpp:151:loop_thread]
2025-03-17 07:52:06.373 INFO  EventLoop started, pid=20424 tid=20456 [HttpServer.cpp:151:loop_thread]
2025-03-17 07:52:06.373 INFO  EventLoop started, pid=20424 tid=20463 [HttpServer.cpp:151:loop_thread]
2025-03-17 07:52:06.373 INFO  EventLoop started, pid=20424 tid=20465 [HttpServer.cpp:151:loop_thread]
2025-03-17 07:52:06.373 INFO  EventLoop started, pid=20424 tid=20462 [HttpServer.cpp:151:loop_thread]
2025-03-17 07:52:06.373 INFO  EventLoop started, pid=20424 tid=20460 [HttpServer.cpp:151:loop_thread]
2025-03-17 07:52:06.373 INFO  EventLoop started, pid=20424 tid=20470 [HttpServer.cpp:151:loop_thread]
2025-03-17 07:52:06.373 INFO  EventLoop started, pid=20424 tid=20464 [HttpServer.cpp:151:loop_thread]
2025-03-17 07:52:06.373 INFO  EventLoop started, pid=20424 tid=20476 [HttpServer.cpp:151:loop_thread]
2025-03-17 07:52:06.373 INFO  EventLoop started, pid=20424 tid=20485 [HttpServer.cpp:151:loop_thread]
2025-03-17 07:52:06.373 INFO  EventLoop started, pid=20424 tid=20484 [HttpServer.cpp:151:loop_thread]
2025-03-17 07:52:06.373 INFO  EventLoop started, pid=20424 tid=20461 [HttpServer.cpp:151:loop_thread]
2025-03-17 07:52:06.373 INFO  EventLoop started, pid=20424 tid=20486 [HttpServer.cpp:151:loop_thread]
2025-03-17 07:52:06.373 INFO  EventLoop started, pid=20424 tid=20458 [HttpServer.cpp:151:loop_thread]
2025-03-17 07:52:06.373 INFO  EventLoop started, pid=20424 tid=20474 [HttpServer.cpp:151:loop_thread]
2025-03-17 07:52:06.373 INFO  EventLoop started, pid=20424 tid=20490 [HttpServer.cpp:151:loop_thread]
2025-03-17 07:52:06.373 INFO  EventLoop started, pid=20424 tid=20459 [HttpServer.cpp:151:loop_thread]
2025-03-17 07:52:06.373 INFO  EventLoop started, pid=20424 tid=20471 [HttpServer.cpp:151:loop_thread]
2025-03-17 07:52:06.373 INFO  EventLoop started, pid=20424 tid=20467 [HttpServer.cpp:151:loop_thread]
2025-03-17 07:52:06.373 INFO  EventLoop started, pid=20424 tid=20452 [HttpServer.cpp:151:loop_thread]
2025-03-17 07:52:06.373 INFO  EventLoop started, pid=20424 tid=20482 [HttpServer.cpp:151:loop_thread]
2025-03-17 07:52:06.373 INFO  EventLoop started, pid=20424 tid=20487 [HttpServer.cpp:151:loop_thread]
2025-03-17 07:52:06.373 INFO  EventLoop started, pid=20424 tid=20489 [HttpServer.cpp:151:loop_thread]
2025-03-17 07:52:06.373 INFO  EventLoop started, pid=20424 tid=20455 [HttpServer.cpp:151:loop_thread]
